TN:hello
SF:/usr/include/c++/4.8.3/bits/basic_ios.h
FN:46,_ZSt13__check_facetISt5ctypeIcEERKT_PS3_
FNDA:0,_ZSt13__check_facetISt5ctypeIcEERKT_PS3_
FNF:1
FNH:0
DA:46,0
DA:48,0
DA:49,0
DA:50,0
LF:4
LH:0
end_of_record
SF:/usr/include/c++/4.8.3/bits/char_traits.h
FN:258,_ZNSt11char_traitsIcE6lengthEPKc
FNDA:0,_ZNSt11char_traitsIcE6lengthEPKc
FNF:1
FNH:0
DA:258,0
DA:259,0
LF:2
LH:0
end_of_record
SF:/usr/include/c++/4.8.3/bits/ios_base.h
FN:157,_ZStorSt12_Ios_IostateS_
FNDA:0,_ZStorSt12_Ios_IostateS_
FNF:1
FNH:0
DA:157,0
DA:158,0
LF:2
LH:0
end_of_record
SF:/usr/include/c++/4.8.3/bits/locale_facets.h
FN:865,_ZNKSt5ctypeIcE5widenEc
FNDA:0,_ZNKSt5ctypeIcE5widenEc
FNF:1
FNH:0
DA:865,0
DA:867,0
DA:868,0
DA:869,0
DA:870,0
LF:5
LH:0
end_of_record
SF:/usr/include/c++/4.8.3/iostream
DA:74,1
LF:1
LH:1
end_of_record
SF:/home/subho/work/lab/gcov_test/build/menu.cpp
FN:10,main
FN:50,_Z11showChoicesv
FN:61,_Z3addff
FN:66,_Z8subtractff
FN:71,_Z8multiplyff
FN:76,_Z6divideff
FN:79,_Z41__static_initialization_and_destruction_0ii
FN:79,_GLOBAL__sub_I_main
FNDA:1,main
FNDA:2,_Z11showChoicesv
FNDA:0,_Z3addff
FNDA:0,_Z8subtractff
FNDA:0,_Z8multiplyff
FNDA:1,_Z6divideff
FNDA:1,_GLOBAL__sub_I_main
FNDA:1,_Z41__static_initialization_and_destruction_0ii
FNF:8
FNH:5
DA:10,2
DA:14,2
DA:16,2
DA:17,2
DA:18,2
DA:21,0
DA:22,0
DA:23,0
DA:24,0
DA:26,0
DA:27,0
DA:28,0
DA:29,0
DA:31,0
DA:32,0
DA:33,0
DA:34,0
DA:36,1
DA:37,1
DA:38,1
DA:39,1
DA:41,1
DA:43,0
DA:45,2
DA:47,1
DA:50,2
DA:52,2
DA:53,2
DA:54,2
DA:55,2
DA:56,2
DA:57,2
DA:58,2
DA:59,2
DA:61,0
DA:63,0
DA:66,0
DA:68,0
DA:71,0
DA:73,0
DA:76,1
DA:78,1
DA:79,3
LF:43
LH:24
end_of_record
